<?xml version="1.0" encoding="UTF-8"?>
<robot generator="Robot 4.1.3 (Python 3.10.2 on win32)" generated="20220223 11:38:17.385" rpa="false" schemaversion="2">
<suite id="s1" name="Testes If" source="C:\Users\not\Documents\Exercícios QA\Curso _Udemy\Robotframework\WEB testing\testes_if.robot">
<test id="s1-t1" name="Teste 01- Percorrer uma lista com FOR">
<kw name="Imprimir 5 ou 10">
<kw name="Log To Console" library="BuiltIn">
<arg>${\n}</arg>
<doc>Logs the given message to the console.</doc>
<status status="PASS" starttime="20220223 11:38:17.426" endtime="20220223 11:38:17.427"/>
</kw>
<for flavor="IN">
<var>${NUM}</var>
<value>@{LISTA_NUM}</value>
<iter>
<var name="${NUM}">1</var>
<if>
<branch type="IF" condition="${NUM} == 5">
<kw name="Log" library="BuiltIn">
<arg>Esse é o número 5!</arg>
<doc>Logs the given message with the given level.</doc>
<status status="NOT RUN" starttime="20220223 11:38:17.428" endtime="20220223 11:38:17.428"/>
</kw>
<status status="NOT RUN" starttime="20220223 11:38:17.428" endtime="20220223 11:38:17.428"/>
</branch>
<branch type="ELSE">
<if>
<branch type="IF" condition="${NUM} == 10">
<kw name="Log" library="BuiltIn">
<arg>Esse é o número 10!</arg>
<doc>Logs the given message with the given level.</doc>
<status status="NOT RUN" starttime="20220223 11:38:17.429" endtime="20220223 11:38:17.429"/>
</kw>
<status status="NOT RUN" starttime="20220223 11:38:17.429" endtime="20220223 11:38:17.429"/>
</branch>
<branch type="ELSE">
<kw name="Log" library="BuiltIn">
<arg>Esse número não é nem 5, nem 10!</arg>
<doc>Logs the given message with the given level.</doc>
<msg timestamp="20220223 11:38:17.430" level="INFO">Esse número não é nem 5, nem 10!</msg>
<status status="PASS" starttime="20220223 11:38:17.429" endtime="20220223 11:38:17.430"/>
</kw>
<status status="PASS" starttime="20220223 11:38:17.429" endtime="20220223 11:38:17.430"/>
</branch>
<status status="PASS" starttime="20220223 11:38:17.429" endtime="20220223 11:38:17.430"/>
</if>
<status status="PASS" starttime="20220223 11:38:17.429" endtime="20220223 11:38:17.430"/>
</branch>
<status status="PASS" starttime="20220223 11:38:17.428" endtime="20220223 11:38:17.430"/>
</if>
<status status="PASS" starttime="20220223 11:38:17.428" endtime="20220223 11:38:17.430"/>
</iter>
<iter>
<var name="${NUM}">2</var>
<if>
<branch type="IF" condition="${NUM} == 5">
<kw name="Log" library="BuiltIn">
<arg>Esse é o número 5!</arg>
<doc>Logs the given message with the given level.</doc>
<status status="NOT RUN" starttime="20220223 11:38:17.430" endtime="20220223 11:38:17.430"/>
</kw>
<status status="NOT RUN" starttime="20220223 11:38:17.430" endtime="20220223 11:38:17.430"/>
</branch>
<branch type="ELSE">
<if>
<branch type="IF" condition="${NUM} == 10">
<kw name="Log" library="BuiltIn">
<arg>Esse é o número 10!</arg>
<doc>Logs the given message with the given level.</doc>
<status status="NOT RUN" starttime="20220223 11:38:17.431" endtime="20220223 11:38:17.431"/>
</kw>
<status status="NOT RUN" starttime="20220223 11:38:17.431" endtime="20220223 11:38:17.431"/>
</branch>
<branch type="ELSE">
<kw name="Log" library="BuiltIn">
<arg>Esse número não é nem 5, nem 10!</arg>
<doc>Logs the given message with the given level.</doc>
<msg timestamp="20220223 11:38:17.431" level="INFO">Esse número não é nem 5, nem 10!</msg>
<status status="PASS" starttime="20220223 11:38:17.431" endtime="20220223 11:38:17.432"/>
</kw>
<status status="PASS" starttime="20220223 11:38:17.431" endtime="20220223 11:38:17.432"/>
</branch>
<status status="PASS" starttime="20220223 11:38:17.431" endtime="20220223 11:38:17.432"/>
</if>
<status status="PASS" starttime="20220223 11:38:17.431" endtime="20220223 11:38:17.432"/>
</branch>
<status status="PASS" starttime="20220223 11:38:17.430" endtime="20220223 11:38:17.432"/>
</if>
<status status="PASS" starttime="20220223 11:38:17.430" endtime="20220223 11:38:17.432"/>
</iter>
<iter>
<var name="${NUM}">3</var>
<if>
<branch type="IF" condition="${NUM} == 5">
<kw name="Log" library="BuiltIn">
<arg>Esse é o número 5!</arg>
<doc>Logs the given message with the given level.</doc>
<status status="NOT RUN" starttime="20220223 11:38:17.434" endtime="20220223 11:38:17.434"/>
</kw>
<status status="NOT RUN" starttime="20220223 11:38:17.433" endtime="20220223 11:38:17.434"/>
</branch>
<branch type="ELSE">
<if>
<branch type="IF" condition="${NUM} == 10">
<kw name="Log" library="BuiltIn">
<arg>Esse é o número 10!</arg>
<doc>Logs the given message with the given level.</doc>
<status status="NOT RUN" starttime="20220223 11:38:17.435" endtime="20220223 11:38:17.435"/>
</kw>
<status status="NOT RUN" starttime="20220223 11:38:17.435" endtime="20220223 11:38:17.435"/>
</branch>
<branch type="ELSE">
<kw name="Log" library="BuiltIn">
<arg>Esse número não é nem 5, nem 10!</arg>
<doc>Logs the given message with the given level.</doc>
<msg timestamp="20220223 11:38:17.436" level="INFO">Esse número não é nem 5, nem 10!</msg>
<status status="PASS" starttime="20220223 11:38:17.435" endtime="20220223 11:38:17.436"/>
</kw>
<status status="PASS" starttime="20220223 11:38:17.435" endtime="20220223 11:38:17.436"/>
</branch>
<status status="PASS" starttime="20220223 11:38:17.434" endtime="20220223 11:38:17.436"/>
</if>
<status status="PASS" starttime="20220223 11:38:17.434" endtime="20220223 11:38:17.436"/>
</branch>
<status status="PASS" starttime="20220223 11:38:17.433" endtime="20220223 11:38:17.436"/>
</if>
<status status="PASS" starttime="20220223 11:38:17.433" endtime="20220223 11:38:17.436"/>
</iter>
<iter>
<var name="${NUM}">4</var>
<if>
<branch type="IF" condition="${NUM} == 5">
<kw name="Log" library="BuiltIn">
<arg>Esse é o número 5!</arg>
<doc>Logs the given message with the given level.</doc>
<status status="NOT RUN" starttime="20220223 11:38:17.437" endtime="20220223 11:38:17.437"/>
</kw>
<status status="NOT RUN" starttime="20220223 11:38:17.437" endtime="20220223 11:38:17.437"/>
</branch>
<branch type="ELSE">
<if>
<branch type="IF" condition="${NUM} == 10">
<kw name="Log" library="BuiltIn">
<arg>Esse é o número 10!</arg>
<doc>Logs the given message with the given level.</doc>
<status status="NOT RUN" starttime="20220223 11:38:17.438" endtime="20220223 11:38:17.438"/>
</kw>
<status status="NOT RUN" starttime="20220223 11:38:17.438" endtime="20220223 11:38:17.438"/>
</branch>
<branch type="ELSE">
<kw name="Log" library="BuiltIn">
<arg>Esse número não é nem 5, nem 10!</arg>
<doc>Logs the given message with the given level.</doc>
<msg timestamp="20220223 11:38:17.439" level="INFO">Esse número não é nem 5, nem 10!</msg>
<status status="PASS" starttime="20220223 11:38:17.438" endtime="20220223 11:38:17.439"/>
</kw>
<status status="PASS" starttime="20220223 11:38:17.438" endtime="20220223 11:38:17.439"/>
</branch>
<status status="PASS" starttime="20220223 11:38:17.438" endtime="20220223 11:38:17.440"/>
</if>
<status status="PASS" starttime="20220223 11:38:17.437" endtime="20220223 11:38:17.440"/>
</branch>
<status status="PASS" starttime="20220223 11:38:17.436" endtime="20220223 11:38:17.440"/>
</if>
<status status="PASS" starttime="20220223 11:38:17.436" endtime="20220223 11:38:17.440"/>
</iter>
<iter>
<var name="${NUM}">5</var>
<if>
<branch type="IF" condition="${NUM} == 5">
<kw name="Log" library="BuiltIn">
<arg>Esse é o número 5!</arg>
<doc>Logs the given message with the given level.</doc>
<msg timestamp="20220223 11:38:17.441" level="INFO">Esse é o número 5!</msg>
<status status="PASS" starttime="20220223 11:38:17.441" endtime="20220223 11:38:17.441"/>
</kw>
<status status="PASS" starttime="20220223 11:38:17.441" endtime="20220223 11:38:17.441"/>
</branch>
<branch type="ELSE">
<if>
<branch type="IF" condition="${NUM} == 10">
<kw name="Log" library="BuiltIn">
<arg>Esse é o número 10!</arg>
<doc>Logs the given message with the given level.</doc>
<status status="NOT RUN" starttime="20220223 11:38:17.442" endtime="20220223 11:38:17.442"/>
</kw>
<status status="NOT RUN" starttime="20220223 11:38:17.441" endtime="20220223 11:38:17.442"/>
</branch>
<branch type="ELSE">
<kw name="Log" library="BuiltIn">
<arg>Esse número não é nem 5, nem 10!</arg>
<doc>Logs the given message with the given level.</doc>
<status status="NOT RUN" starttime="20220223 11:38:17.442" endtime="20220223 11:38:17.442"/>
</kw>
<status status="NOT RUN" starttime="20220223 11:38:17.442" endtime="20220223 11:38:17.442"/>
</branch>
<status status="NOT RUN" starttime="20220223 11:38:17.441" endtime="20220223 11:38:17.442"/>
</if>
<status status="NOT RUN" starttime="20220223 11:38:17.441" endtime="20220223 11:38:17.442"/>
</branch>
<status status="PASS" starttime="20220223 11:38:17.440" endtime="20220223 11:38:17.442"/>
</if>
<status status="PASS" starttime="20220223 11:38:17.440" endtime="20220223 11:38:17.442"/>
</iter>
<iter>
<var name="${NUM}">6</var>
<if>
<branch type="IF" condition="${NUM} == 5">
<kw name="Log" library="BuiltIn">
<arg>Esse é o número 5!</arg>
<doc>Logs the given message with the given level.</doc>
<status status="NOT RUN" starttime="20220223 11:38:17.443" endtime="20220223 11:38:17.443"/>
</kw>
<status status="NOT RUN" starttime="20220223 11:38:17.442" endtime="20220223 11:38:17.443"/>
</branch>
<branch type="ELSE">
<if>
<branch type="IF" condition="${NUM} == 10">
<kw name="Log" library="BuiltIn">
<arg>Esse é o número 10!</arg>
<doc>Logs the given message with the given level.</doc>
<status status="NOT RUN" starttime="20220223 11:38:17.443" endtime="20220223 11:38:17.443"/>
</kw>
<status status="NOT RUN" starttime="20220223 11:38:17.443" endtime="20220223 11:38:17.443"/>
</branch>
<branch type="ELSE">
<kw name="Log" library="BuiltIn">
<arg>Esse número não é nem 5, nem 10!</arg>
<doc>Logs the given message with the given level.</doc>
<msg timestamp="20220223 11:38:17.444" level="INFO">Esse número não é nem 5, nem 10!</msg>
<status status="PASS" starttime="20220223 11:38:17.443" endtime="20220223 11:38:17.444"/>
</kw>
<status status="PASS" starttime="20220223 11:38:17.443" endtime="20220223 11:38:17.444"/>
</branch>
<status status="PASS" starttime="20220223 11:38:17.443" endtime="20220223 11:38:17.444"/>
</if>
<status status="PASS" starttime="20220223 11:38:17.443" endtime="20220223 11:38:17.444"/>
</branch>
<status status="PASS" starttime="20220223 11:38:17.442" endtime="20220223 11:38:17.444"/>
</if>
<status status="PASS" starttime="20220223 11:38:17.442" endtime="20220223 11:38:17.444"/>
</iter>
<iter>
<var name="${NUM}">7</var>
<if>
<branch type="IF" condition="${NUM} == 5">
<kw name="Log" library="BuiltIn">
<arg>Esse é o número 5!</arg>
<doc>Logs the given message with the given level.</doc>
<status status="NOT RUN" starttime="20220223 11:38:17.444" endtime="20220223 11:38:17.444"/>
</kw>
<status status="NOT RUN" starttime="20220223 11:38:17.444" endtime="20220223 11:38:17.444"/>
</branch>
<branch type="ELSE">
<if>
<branch type="IF" condition="${NUM} == 10">
<kw name="Log" library="BuiltIn">
<arg>Esse é o número 10!</arg>
<doc>Logs the given message with the given level.</doc>
<status status="NOT RUN" starttime="20220223 11:38:17.445" endtime="20220223 11:38:17.445"/>
</kw>
<status status="NOT RUN" starttime="20220223 11:38:17.445" endtime="20220223 11:38:17.445"/>
</branch>
<branch type="ELSE">
<kw name="Log" library="BuiltIn">
<arg>Esse número não é nem 5, nem 10!</arg>
<doc>Logs the given message with the given level.</doc>
<msg timestamp="20220223 11:38:17.445" level="INFO">Esse número não é nem 5, nem 10!</msg>
<status status="PASS" starttime="20220223 11:38:17.445" endtime="20220223 11:38:17.445"/>
</kw>
<status status="PASS" starttime="20220223 11:38:17.445" endtime="20220223 11:38:17.445"/>
</branch>
<status status="PASS" starttime="20220223 11:38:17.445" endtime="20220223 11:38:17.445"/>
</if>
<status status="PASS" starttime="20220223 11:38:17.445" endtime="20220223 11:38:17.446"/>
</branch>
<status status="PASS" starttime="20220223 11:38:17.444" endtime="20220223 11:38:17.446"/>
</if>
<status status="PASS" starttime="20220223 11:38:17.444" endtime="20220223 11:38:17.446"/>
</iter>
<iter>
<var name="${NUM}">8</var>
<if>
<branch type="IF" condition="${NUM} == 5">
<kw name="Log" library="BuiltIn">
<arg>Esse é o número 5!</arg>
<doc>Logs the given message with the given level.</doc>
<status status="NOT RUN" starttime="20220223 11:38:17.446" endtime="20220223 11:38:17.447"/>
</kw>
<status status="NOT RUN" starttime="20220223 11:38:17.446" endtime="20220223 11:38:17.447"/>
</branch>
<branch type="ELSE">
<if>
<branch type="IF" condition="${NUM} == 10">
<kw name="Log" library="BuiltIn">
<arg>Esse é o número 10!</arg>
<doc>Logs the given message with the given level.</doc>
<status status="NOT RUN" starttime="20220223 11:38:17.447" endtime="20220223 11:38:17.448"/>
</kw>
<status status="NOT RUN" starttime="20220223 11:38:17.447" endtime="20220223 11:38:17.448"/>
</branch>
<branch type="ELSE">
<kw name="Log" library="BuiltIn">
<arg>Esse número não é nem 5, nem 10!</arg>
<doc>Logs the given message with the given level.</doc>
<msg timestamp="20220223 11:38:17.449" level="INFO">Esse número não é nem 5, nem 10!</msg>
<status status="PASS" starttime="20220223 11:38:17.448" endtime="20220223 11:38:17.449"/>
</kw>
<status status="PASS" starttime="20220223 11:38:17.448" endtime="20220223 11:38:17.449"/>
</branch>
<status status="PASS" starttime="20220223 11:38:17.447" endtime="20220223 11:38:17.449"/>
</if>
<status status="PASS" starttime="20220223 11:38:17.447" endtime="20220223 11:38:17.449"/>
</branch>
<status status="PASS" starttime="20220223 11:38:17.446" endtime="20220223 11:38:17.449"/>
</if>
<status status="PASS" starttime="20220223 11:38:17.446" endtime="20220223 11:38:17.449"/>
</iter>
<iter>
<var name="${NUM}">9</var>
<if>
<branch type="IF" condition="${NUM} == 5">
<kw name="Log" library="BuiltIn">
<arg>Esse é o número 5!</arg>
<doc>Logs the given message with the given level.</doc>
<status status="NOT RUN" starttime="20220223 11:38:17.450" endtime="20220223 11:38:17.451"/>
</kw>
<status status="NOT RUN" starttime="20220223 11:38:17.450" endtime="20220223 11:38:17.451"/>
</branch>
<branch type="ELSE">
<if>
<branch type="IF" condition="${NUM} == 10">
<kw name="Log" library="BuiltIn">
<arg>Esse é o número 10!</arg>
<doc>Logs the given message with the given level.</doc>
<status status="NOT RUN" starttime="20220223 11:38:17.451" endtime="20220223 11:38:17.451"/>
</kw>
<status status="NOT RUN" starttime="20220223 11:38:17.451" endtime="20220223 11:38:17.451"/>
</branch>
<branch type="ELSE">
<kw name="Log" library="BuiltIn">
<arg>Esse número não é nem 5, nem 10!</arg>
<doc>Logs the given message with the given level.</doc>
<msg timestamp="20220223 11:38:17.452" level="INFO">Esse número não é nem 5, nem 10!</msg>
<status status="PASS" starttime="20220223 11:38:17.452" endtime="20220223 11:38:17.452"/>
</kw>
<status status="PASS" starttime="20220223 11:38:17.451" endtime="20220223 11:38:17.452"/>
</branch>
<status status="PASS" starttime="20220223 11:38:17.451" endtime="20220223 11:38:17.452"/>
</if>
<status status="PASS" starttime="20220223 11:38:17.451" endtime="20220223 11:38:17.453"/>
</branch>
<status status="PASS" starttime="20220223 11:38:17.450" endtime="20220223 11:38:17.453"/>
</if>
<status status="PASS" starttime="20220223 11:38:17.450" endtime="20220223 11:38:17.453"/>
</iter>
<iter>
<var name="${NUM}">10</var>
<if>
<branch type="IF" condition="${NUM} == 5">
<kw name="Log" library="BuiltIn">
<arg>Esse é o número 5!</arg>
<doc>Logs the given message with the given level.</doc>
<status status="NOT RUN" starttime="20220223 11:38:17.453" endtime="20220223 11:38:17.453"/>
</kw>
<status status="NOT RUN" starttime="20220223 11:38:17.453" endtime="20220223 11:38:17.453"/>
</branch>
<branch type="ELSE">
<if>
<branch type="IF" condition="${NUM} == 10">
<kw name="Log" library="BuiltIn">
<arg>Esse é o número 10!</arg>
<doc>Logs the given message with the given level.</doc>
<msg timestamp="20220223 11:38:17.454" level="INFO">Esse é o número 10!</msg>
<status status="PASS" starttime="20220223 11:38:17.454" endtime="20220223 11:38:17.454"/>
</kw>
<status status="PASS" starttime="20220223 11:38:17.454" endtime="20220223 11:38:17.454"/>
</branch>
<branch type="ELSE">
<kw name="Log" library="BuiltIn">
<arg>Esse número não é nem 5, nem 10!</arg>
<doc>Logs the given message with the given level.</doc>
<status status="NOT RUN" starttime="20220223 11:38:17.454" endtime="20220223 11:38:17.454"/>
</kw>
<status status="NOT RUN" starttime="20220223 11:38:17.454" endtime="20220223 11:38:17.454"/>
</branch>
<status status="PASS" starttime="20220223 11:38:17.453" endtime="20220223 11:38:17.455"/>
</if>
<status status="PASS" starttime="20220223 11:38:17.453" endtime="20220223 11:38:17.455"/>
</branch>
<status status="PASS" starttime="20220223 11:38:17.453" endtime="20220223 11:38:17.455"/>
</if>
<status status="PASS" starttime="20220223 11:38:17.453" endtime="20220223 11:38:17.455"/>
</iter>
<status status="PASS" starttime="20220223 11:38:17.427" endtime="20220223 11:38:17.455"/>
</for>
<status status="PASS" starttime="20220223 11:38:17.425" endtime="20220223 11:38:17.455"/>
</kw>
<status status="PASS" starttime="20220223 11:38:17.424" endtime="20220223 11:38:17.456"/>
</test>
<doc>Essa suíte testa os blocos 'if'</doc>
<status status="PASS" starttime="20220223 11:38:17.388" endtime="20220223 11:38:17.458"/>
</suite>
<statistics>
<total>
<stat pass="1" fail="0" skip="0">All Tests</stat>
</total>
<tag>
</tag>
<suite>
<stat pass="1" fail="0" skip="0" id="s1" name="Testes If">Testes If</stat>
</suite>
</statistics>
<errors>
</errors>
</robot>
